{"level":"info","message":"Connected to MongoDB","timestamp":"2025-04-14T21:44:11.444Z"}
{"level":"info","message":"Server running on port 3000","timestamp":"2025-04-14T21:44:11.445Z"}
{"level":"info","message":"Connected to MongoDB","timestamp":"2025-04-14T21:45:21.162Z"}
{"level":"info","message":"Server running on port 3000","timestamp":"2025-04-14T21:45:21.165Z"}
{"level":"info","message":"Connected to MongoDB","timestamp":"2025-04-14T21:48:39.352Z"}
{"level":"info","message":"Server running on port 3000","timestamp":"2025-04-14T21:48:39.355Z"}
{"level":"info","message":"Connected to MongoDB","timestamp":"2025-04-14T21:50:14.586Z"}
{"level":"info","message":"Server running on port 3000","timestamp":"2025-04-14T21:50:14.588Z"}
{"level":"info","message":"Connected to MongoDB","timestamp":"2025-04-14T21:50:42.899Z"}
{"level":"info","message":"Server running on port 3000","timestamp":"2025-04-14T21:50:42.901Z"}
{"level":"info","message":"Connected to MongoDB","timestamp":"2025-04-14T21:50:57.540Z"}
{"level":"info","message":"Server running on port 3000","timestamp":"2025-04-14T21:50:57.542Z"}
{"level":"info","message":"Connected to MongoDB","timestamp":"2025-04-14T21:51:40.906Z"}
{"level":"info","message":"Server running on port 3000","timestamp":"2025-04-14T21:51:40.908Z"}
{"level":"info","message":"Connected to MongoDB","timestamp":"2025-04-14T21:52:02.598Z"}
{"level":"info","message":"Server running on port 3000","timestamp":"2025-04-14T21:52:02.600Z"}
{"level":"info","message":"Connected to MongoDB","timestamp":"2025-04-14T21:52:50.405Z"}
{"level":"info","message":"Connected to database: Booking","timestamp":"2025-04-14T21:52:50.406Z"}
{"level":"info","message":"Server running on port 3000","timestamp":"2025-04-14T21:52:50.407Z"}
{"level":"info","message":"Connected to MongoDB","timestamp":"2025-04-14T21:53:09.483Z"}
{"level":"info","message":"Server running on port 3000","timestamp":"2025-04-14T21:53:09.484Z"}
{"level":"info","message":"Connected to MongoDB","timestamp":"2025-04-14T21:53:12.866Z"}
{"level":"info","message":"Server running on port 3000","timestamp":"2025-04-14T21:53:12.868Z"}
{"level":"info","message":"Connected to MongoDB","timestamp":"2025-04-14T21:53:19.682Z"}
{"level":"info","message":"Server running on port 3000","timestamp":"2025-04-14T21:53:19.684Z"}
{"level":"info","message":"Connected to MongoDB","timestamp":"2025-04-14T21:53:26.699Z"}
{"level":"info","message":"Connected to database: Booking","timestamp":"2025-04-14T21:53:26.700Z"}
{"level":"info","message":"Server running on port 3000","timestamp":"2025-04-14T21:53:26.700Z"}
{"level":"info","message":"Connected to MongoDB","timestamp":"2025-04-14T21:53:36.356Z"}
{"level":"info","message":"Connected to database: Booking","timestamp":"2025-04-14T21:53:36.357Z"}
{"level":"info","message":"Server running on port 3000","timestamp":"2025-04-14T21:53:36.358Z"}
{"level":"info","message":"Connected to database","timestamp":"2025-04-14T21:53:52.765Z"}
{"level":"info","message":"Connected to database: Booking","timestamp":"2025-04-14T21:53:52.767Z"}
{"level":"info","message":"Server running on port 3000","timestamp":"2025-04-14T21:53:52.768Z"}
{"level":"info","message":"Connected to database successfully","timestamp":"2025-04-14T21:54:04.862Z"}
{"level":"info","message":"Connected to database: Booking","timestamp":"2025-04-14T21:54:04.863Z"}
{"level":"info","message":"Server running on port 3000","timestamp":"2025-04-14T21:54:04.864Z"}
{"level":"info","message":"Connected to database successfully","timestamp":"2025-04-14T21:54:51.494Z"}
{"level":"info","message":"Connected to database: Booking","timestamp":"2025-04-14T21:54:51.495Z"}
{"level":"info","message":"Server running on port 3000","timestamp":"2025-04-14T21:54:51.496Z"}
{"level":"info","message":"Connected to database successfully","timestamp":"2025-04-14T21:57:22.886Z"}
{"level":"info","message":"Connected to database: Booking","timestamp":"2025-04-14T21:57:22.887Z"}
{"level":"info","message":"Server running on port 3000","timestamp":"2025-04-14T21:57:22.888Z"}
{"level":"info","message":"Connected to database successfully","timestamp":"2025-04-14T22:02:36.778Z"}
{"level":"info","message":"Connected to database: Booking","timestamp":"2025-04-14T22:02:36.779Z"}
{"level":"info","message":"Server running on port 3000","timestamp":"2025-04-14T22:02:36.780Z"}
{"level":"info","message":"Connected to database successfully","timestamp":"2025-04-14T22:04:21.214Z"}
{"level":"info","message":"Connected to database: Booking","timestamp":"2025-04-14T22:04:21.215Z"}
{"level":"info","message":"Server running on port 3000","timestamp":"2025-04-14T22:04:21.216Z"}
{"level":"info","message":"Connected to database successfully","timestamp":"2025-04-14T22:04:23.339Z"}
{"level":"info","message":"Connected to database: Booking","timestamp":"2025-04-14T22:04:23.340Z"}
{"level":"info","message":"Server running on port 3000","timestamp":"2025-04-14T22:04:23.341Z"}
{"level":"info","message":"Connected to database successfully","timestamp":"2025-04-14T22:04:30.895Z"}
{"level":"info","message":"Connected to database: Booking","timestamp":"2025-04-14T22:04:30.896Z"}
{"level":"info","message":"Server running on port 3000","timestamp":"2025-04-14T22:04:30.897Z"}
{"level":"info","message":"Connected to database successfully","timestamp":"2025-04-14T22:04:38.408Z"}
{"level":"info","message":"Connected to database: Booking","timestamp":"2025-04-14T22:04:38.409Z"}
{"level":"info","message":"Server running on port 3000","timestamp":"2025-04-14T22:04:38.410Z"}
{"level":"info","message":"Connected to database successfully","timestamp":"2025-04-14T22:04:43.347Z"}
{"level":"info","message":"Connected to database: Booking","timestamp":"2025-04-14T22:04:43.348Z"}
{"level":"info","message":"Server running on port 3000","timestamp":"2025-04-14T22:04:43.349Z"}
{"level":"info","message":"Connected to database successfully","timestamp":"2025-04-14T22:04:49.700Z"}
{"level":"info","message":"Connected to database: Booking","timestamp":"2025-04-14T22:04:49.701Z"}
{"level":"info","message":"Server running on port 3000","timestamp":"2025-04-14T22:04:49.702Z"}
{"level":"info","message":"Connected to database successfully","timestamp":"2025-04-14T22:05:05.286Z"}
{"level":"info","message":"Connected to database: Booking","timestamp":"2025-04-14T22:05:05.287Z"}
{"level":"info","message":"Server running on port 3000","timestamp":"2025-04-14T22:05:05.288Z"}
{"level":"info","message":"Connected to database successfully","timestamp":"2025-04-14T22:05:13.697Z"}
{"level":"info","message":"Connected to database: Booking","timestamp":"2025-04-14T22:05:13.698Z"}
{"level":"info","message":"Server running on port 3000","timestamp":"2025-04-14T22:05:13.699Z"}
{"level":"info","message":"Connected to database successfully","timestamp":"2025-04-14T22:05:41.545Z"}
{"level":"info","message":"Connected to database: Booking","timestamp":"2025-04-14T22:05:41.547Z"}
{"level":"info","message":"Server running on port 3000","timestamp":"2025-04-14T22:05:41.548Z"}
{"level":"info","message":"Connected to database successfully","timestamp":"2025-04-14T22:05:45.986Z"}
{"level":"info","message":"Connected to database: Booking","timestamp":"2025-04-14T22:05:45.987Z"}
{"level":"info","message":"Server running on port 3000","timestamp":"2025-04-14T22:05:45.988Z"}
{"level":"info","message":"POST /api/auth/register","timestamp":"2025-04-14T22:11:32.311Z"}
{"level":"error","message":"Unexpected Error: schema.validate is not a function","stack":"TypeError: schema.validate is not a function\n    at /Users/manojgokina/Documents/bookingapp_backend/src/middleware/validation.middleware.ts:6:28\n    at Layer.handle [as handle_request] (/Users/manojgokina/Documents/bookingapp_backend/node_modules/express/lib/router/layer.js:95:5)\n    at next (/Users/manojgokina/Documents/bookingapp_backend/node_modules/express/lib/router/route.js:149:13)\n    at Route.dispatch (/Users/manojgokina/Documents/bookingapp_backend/node_modules/express/lib/router/route.js:119:3)\n    at Layer.handle [as handle_request] (/Users/manojgokina/Documents/bookingapp_backend/node_modules/express/lib/router/layer.js:95:5)\n    at /Users/manojgokina/Documents/bookingapp_backend/node_modules/express/lib/router/index.js:284:15\n    at Function.process_params (/Users/manojgokina/Documents/bookingapp_backend/node_modules/express/lib/router/index.js:346:12)\n    at next (/Users/manojgokina/Documents/bookingapp_backend/node_modules/express/lib/router/index.js:280:10)\n    at Function.handle (/Users/manojgokina/Documents/bookingapp_backend/node_modules/express/lib/router/index.js:175:3)\n    at router (/Users/manojgokina/Documents/bookingapp_backend/node_modules/express/lib/router/index.js:47:12)","timestamp":"2025-04-14T22:11:32.313Z"}
{"level":"info","message":"Connected to database successfully","timestamp":"2025-04-14T22:12:38.871Z"}
{"level":"info","message":"Connected to database: Booking","timestamp":"2025-04-14T22:12:38.872Z"}
{"level":"info","message":"Server running on port 3000","timestamp":"2025-04-14T22:12:38.873Z"}
{"level":"info","message":"Connected to database successfully","timestamp":"2025-04-14T22:12:46.716Z"}
{"level":"info","message":"Connected to database: Booking","timestamp":"2025-04-14T22:12:46.717Z"}
{"level":"info","message":"Server running on port 3000","timestamp":"2025-04-14T22:12:46.718Z"}
{"level":"info","message":"Connected to database successfully","timestamp":"2025-04-14T22:14:45.589Z"}
{"level":"info","message":"Connected to database: Booking","timestamp":"2025-04-14T22:14:45.590Z"}
{"level":"info","message":"Server running on port 3000","timestamp":"2025-04-14T22:14:45.591Z"}
{"level":"info","message":"POST /api/auth/register","timestamp":"2025-04-14T22:14:57.573Z"}
{"level":"info","message":"POST /api/auth/register","timestamp":"2025-04-14T22:15:07.660Z"}
{"code":11000,"errorLabelSet":{},"errorResponse":{"code":11000,"errmsg":"E11000 duplicate key error collection: Booking.users index: email_1 dup key: { email: \"manojgokina@gmail.com\" }","index":0,"keyPattern":{"email":1},"keyValue":{"email":"manojgokina@gmail.com"}},"index":0,"keyPattern":{"email":1},"keyValue":{"email":"manojgokina@gmail.com"},"level":"error","message":"Unexpected Error: E11000 duplicate key error collection: Booking.users index: email_1 dup key: { email: \"manojgokina@gmail.com\" }","stack":"MongoServerError: E11000 duplicate key error collection: Booking.users index: email_1 dup key: { email: \"manojgokina@gmail.com\" }\n    at InsertOneOperation.execute (/Users/manojgokina/Documents/bookingapp_backend/node_modules/mongodb/src/operations/insert.ts:88:13)\n    at processTicksAndRejections (node:internal/process/task_queues:105:5)\n    at tryOperation (/Users/manojgokina/Documents/bookingapp_backend/node_modules/mongodb/src/operations/execute_operation.ts:283:14)\n    at executeOperation (/Users/manojgokina/Documents/bookingapp_backend/node_modules/mongodb/src/operations/execute_operation.ts:115:12)\n    at Collection.insertOne (/Users/manojgokina/Documents/bookingapp_backend/node_modules/mongodb/src/collection.ts:285:12)","timestamp":"2025-04-14T22:15:07.678Z"}
{"level":"info","message":"POST /api/auth/register","timestamp":"2025-04-14T22:15:29.389Z"}
{"level":"info","message":"Connected to database successfully","timestamp":"2025-04-14T22:15:49.192Z"}
{"level":"info","message":"Connected to database: Booking","timestamp":"2025-04-14T22:15:49.194Z"}
{"level":"info","message":"Server running on port 3000","timestamp":"2025-04-14T22:15:49.195Z"}
{"level":"info","message":"Connected to database successfully","timestamp":"2025-04-14T22:16:30.460Z"}
{"level":"info","message":"Connected to database: Booking","timestamp":"2025-04-14T22:16:30.461Z"}
{"level":"info","message":"Server running on port 3000","timestamp":"2025-04-14T22:16:30.462Z"}
{"level":"info","message":"Connected to database successfully","timestamp":"2025-04-14T22:20:07.541Z"}
{"level":"info","message":"Connected to database: Booking","timestamp":"2025-04-14T22:20:07.542Z"}
{"level":"info","message":"Server running on port 3000","timestamp":"2025-04-14T22:20:07.543Z"}
{"level":"info","message":"Connected to database successfully","timestamp":"2025-04-14T22:20:09.965Z"}
{"level":"info","message":"Connected to database: Booking","timestamp":"2025-04-14T22:20:09.967Z"}
{"level":"info","message":"Server running on port 3000","timestamp":"2025-04-14T22:20:09.967Z"}
{"level":"info","message":"Connected to database successfully","timestamp":"2025-04-14T22:20:11.203Z"}
{"level":"info","message":"Connected to database: Booking","timestamp":"2025-04-14T22:20:11.204Z"}
{"level":"info","message":"Server running on port 3000","timestamp":"2025-04-14T22:20:11.205Z"}
{"level":"info","message":"Connected to database successfully","timestamp":"2025-04-14T22:21:04.895Z"}
{"level":"info","message":"Connected to database: Booking","timestamp":"2025-04-14T22:21:04.896Z"}
{"level":"info","message":"Server running on port 3000","timestamp":"2025-04-14T22:21:04.897Z"}
{"level":"info","message":"Connected to database successfully","timestamp":"2025-04-14T22:21:24.492Z"}
{"level":"info","message":"Connected to database: Booking","timestamp":"2025-04-14T22:21:24.493Z"}
{"level":"info","message":"Server running on port 3000","timestamp":"2025-04-14T22:21:24.494Z"}
{"level":"info","message":"Connected to database successfully","timestamp":"2025-04-14T22:21:29.995Z"}
{"level":"info","message":"Connected to database: Booking","timestamp":"2025-04-14T22:21:29.996Z"}
{"level":"info","message":"Server running on port 3000","timestamp":"2025-04-14T22:21:29.997Z"}
{"level":"info","message":"Connected to database successfully","timestamp":"2025-04-14T22:21:40.426Z"}
{"level":"info","message":"Connected to database: Booking","timestamp":"2025-04-14T22:21:40.427Z"}
{"level":"info","message":"Server running on port 3000","timestamp":"2025-04-14T22:21:40.428Z"}
{"level":"info","message":"Connected to database successfully","timestamp":"2025-04-14T22:21:46.817Z"}
{"level":"info","message":"Connected to database: Booking","timestamp":"2025-04-14T22:21:46.818Z"}
{"level":"info","message":"Server running on port 3000","timestamp":"2025-04-14T22:21:46.819Z"}
{"level":"info","message":"Connected to database successfully","timestamp":"2025-04-14T22:22:52.285Z"}
{"level":"info","message":"Connected to database: Booking","timestamp":"2025-04-14T22:22:52.286Z"}
{"level":"info","message":"Server running on port 3000","timestamp":"2025-04-14T22:22:52.287Z"}
{"level":"info","message":"Connected to database successfully","timestamp":"2025-04-14T22:23:50.268Z"}
{"level":"info","message":"Connected to database: Booking","timestamp":"2025-04-14T22:23:50.269Z"}
{"level":"info","message":"Server running on port 3000","timestamp":"2025-04-14T22:23:50.270Z"}
{"level":"info","message":"POST /api/auth/register","timestamp":"2025-04-14T22:24:20.419Z"}
{"level":"error","message":"API Error: Required","stack":"Error: Required\n    at /Users/manojgokina/Documents/bookingapp_backend/src/middleware/validation.middleware.ts:12:19\n    at Layer.handle [as handle_request] (/Users/manojgokina/Documents/bookingapp_backend/node_modules/express/lib/router/layer.js:95:5)\n    at next (/Users/manojgokina/Documents/bookingapp_backend/node_modules/express/lib/router/route.js:149:13)\n    at Route.dispatch (/Users/manojgokina/Documents/bookingapp_backend/node_modules/express/lib/router/route.js:119:3)\n    at Layer.handle [as handle_request] (/Users/manojgokina/Documents/bookingapp_backend/node_modules/express/lib/router/layer.js:95:5)\n    at /Users/manojgokina/Documents/bookingapp_backend/node_modules/express/lib/router/index.js:284:15\n    at Function.process_params (/Users/manojgokina/Documents/bookingapp_backend/node_modules/express/lib/router/index.js:346:12)\n    at next (/Users/manojgokina/Documents/bookingapp_backend/node_modules/express/lib/router/index.js:280:10)\n    at Function.handle (/Users/manojgokina/Documents/bookingapp_backend/node_modules/express/lib/router/index.js:175:3)\n    at router (/Users/manojgokina/Documents/bookingapp_backend/node_modules/express/lib/router/index.js:47:12)","statusCode":400,"timestamp":"2025-04-14T22:24:20.423Z"}
{"level":"info","message":"POST /api/auth/register","timestamp":"2025-04-14T22:24:29.990Z"}
{"level":"error","message":"API Error: Required","stack":"Error: Required\n    at /Users/manojgokina/Documents/bookingapp_backend/src/middleware/validation.middleware.ts:12:19\n    at Layer.handle [as handle_request] (/Users/manojgokina/Documents/bookingapp_backend/node_modules/express/lib/router/layer.js:95:5)\n    at next (/Users/manojgokina/Documents/bookingapp_backend/node_modules/express/lib/router/route.js:149:13)\n    at Route.dispatch (/Users/manojgokina/Documents/bookingapp_backend/node_modules/express/lib/router/route.js:119:3)\n    at Layer.handle [as handle_request] (/Users/manojgokina/Documents/bookingapp_backend/node_modules/express/lib/router/layer.js:95:5)\n    at /Users/manojgokina/Documents/bookingapp_backend/node_modules/express/lib/router/index.js:284:15\n    at Function.process_params (/Users/manojgokina/Documents/bookingapp_backend/node_modules/express/lib/router/index.js:346:12)\n    at next (/Users/manojgokina/Documents/bookingapp_backend/node_modules/express/lib/router/index.js:280:10)\n    at Function.handle (/Users/manojgokina/Documents/bookingapp_backend/node_modules/express/lib/router/index.js:175:3)\n    at router (/Users/manojgokina/Documents/bookingapp_backend/node_modules/express/lib/router/index.js:47:12)","statusCode":400,"timestamp":"2025-04-14T22:24:29.992Z"}
{"level":"info","message":"Connected to database successfully","timestamp":"2025-04-14T22:27:05.169Z"}
{"level":"info","message":"Connected to database: Booking","timestamp":"2025-04-14T22:27:05.170Z"}
{"level":"info","message":"Server running on port 3000","timestamp":"2025-04-14T22:27:05.171Z"}
{"level":"info","message":"Connected to database successfully","timestamp":"2025-04-14T22:27:07.282Z"}
{"level":"info","message":"Connected to database: Booking","timestamp":"2025-04-14T22:27:07.283Z"}
{"level":"info","message":"Server running on port 3000","timestamp":"2025-04-14T22:27:07.284Z"}
{"level":"info","message":"POST /api/auth/register","timestamp":"2025-04-14T22:27:14.215Z"}
{"level":"error","message":"API Error: Required, Required","stack":"Error: Required, Required\n    at /Users/manojgokina/Documents/bookingapp_backend/src/middleware/validation.middleware.ts:12:19\n    at Layer.handle [as handle_request] (/Users/manojgokina/Documents/bookingapp_backend/node_modules/express/lib/router/layer.js:95:5)\n    at next (/Users/manojgokina/Documents/bookingapp_backend/node_modules/express/lib/router/route.js:149:13)\n    at Route.dispatch (/Users/manojgokina/Documents/bookingapp_backend/node_modules/express/lib/router/route.js:119:3)\n    at Layer.handle [as handle_request] (/Users/manojgokina/Documents/bookingapp_backend/node_modules/express/lib/router/layer.js:95:5)\n    at /Users/manojgokina/Documents/bookingapp_backend/node_modules/express/lib/router/index.js:284:15\n    at Function.process_params (/Users/manojgokina/Documents/bookingapp_backend/node_modules/express/lib/router/index.js:346:12)\n    at next (/Users/manojgokina/Documents/bookingapp_backend/node_modules/express/lib/router/index.js:280:10)\n    at Function.handle (/Users/manojgokina/Documents/bookingapp_backend/node_modules/express/lib/router/index.js:175:3)\n    at router (/Users/manojgokina/Documents/bookingapp_backend/node_modules/express/lib/router/index.js:47:12)","statusCode":400,"timestamp":"2025-04-14T22:27:14.218Z"}
{"level":"info","message":"POST /api/auth/register","timestamp":"2025-04-14T22:27:15.780Z"}
{"level":"error","message":"API Error: Required, Required","stack":"Error: Required, Required\n    at /Users/manojgokina/Documents/bookingapp_backend/src/middleware/validation.middleware.ts:12:19\n    at Layer.handle [as handle_request] (/Users/manojgokina/Documents/bookingapp_backend/node_modules/express/lib/router/layer.js:95:5)\n    at next (/Users/manojgokina/Documents/bookingapp_backend/node_modules/express/lib/router/route.js:149:13)\n    at Route.dispatch (/Users/manojgokina/Documents/bookingapp_backend/node_modules/express/lib/router/route.js:119:3)\n    at Layer.handle [as handle_request] (/Users/manojgokina/Documents/bookingapp_backend/node_modules/express/lib/router/layer.js:95:5)\n    at /Users/manojgokina/Documents/bookingapp_backend/node_modules/express/lib/router/index.js:284:15\n    at Function.process_params (/Users/manojgokina/Documents/bookingapp_backend/node_modules/express/lib/router/index.js:346:12)\n    at next (/Users/manojgokina/Documents/bookingapp_backend/node_modules/express/lib/router/index.js:280:10)\n    at Function.handle (/Users/manojgokina/Documents/bookingapp_backend/node_modules/express/lib/router/index.js:175:3)\n    at router (/Users/manojgokina/Documents/bookingapp_backend/node_modules/express/lib/router/index.js:47:12)","statusCode":400,"timestamp":"2025-04-14T22:27:15.782Z"}
{"level":"info","message":"POST /api/auth/register","timestamp":"2025-04-14T22:27:16.687Z"}
{"level":"error","message":"API Error: Required, Required","stack":"Error: Required, Required\n    at /Users/manojgokina/Documents/bookingapp_backend/src/middleware/validation.middleware.ts:12:19\n    at Layer.handle [as handle_request] (/Users/manojgokina/Documents/bookingapp_backend/node_modules/express/lib/router/layer.js:95:5)\n    at next (/Users/manojgokina/Documents/bookingapp_backend/node_modules/express/lib/router/route.js:149:13)\n    at Route.dispatch (/Users/manojgokina/Documents/bookingapp_backend/node_modules/express/lib/router/route.js:119:3)\n    at Layer.handle [as handle_request] (/Users/manojgokina/Documents/bookingapp_backend/node_modules/express/lib/router/layer.js:95:5)\n    at /Users/manojgokina/Documents/bookingapp_backend/node_modules/express/lib/router/index.js:284:15\n    at Function.process_params (/Users/manojgokina/Documents/bookingapp_backend/node_modules/express/lib/router/index.js:346:12)\n    at next (/Users/manojgokina/Documents/bookingapp_backend/node_modules/express/lib/router/index.js:280:10)\n    at Function.handle (/Users/manojgokina/Documents/bookingapp_backend/node_modules/express/lib/router/index.js:175:3)\n    at router (/Users/manojgokina/Documents/bookingapp_backend/node_modules/express/lib/router/index.js:47:12)","statusCode":400,"timestamp":"2025-04-14T22:27:16.689Z"}
{"level":"info","message":"Connected to database successfully","timestamp":"2025-04-14T22:27:31.339Z"}
{"level":"info","message":"Connected to database: Booking","timestamp":"2025-04-14T22:27:31.340Z"}
{"level":"info","message":"Server running on port 3000","timestamp":"2025-04-14T22:27:31.341Z"}
{"level":"info","message":"Connected to database successfully","timestamp":"2025-04-14T22:29:34.046Z"}
{"level":"info","message":"Connected to database: Booking","timestamp":"2025-04-14T22:29:34.047Z"}
{"level":"info","message":"Server running on port 3000","timestamp":"2025-04-14T22:29:34.048Z"}
{"level":"info","message":"Connected to database successfully","timestamp":"2025-04-14T22:29:37.000Z"}
{"level":"info","message":"Connected to database: Booking","timestamp":"2025-04-14T22:29:37.001Z"}
{"level":"info","message":"Server running on port 3000","timestamp":"2025-04-14T22:29:37.002Z"}
{"level":"info","message":"Connected to database successfully","timestamp":"2025-04-14T22:29:39.856Z"}
{"level":"info","message":"Connected to database: Booking","timestamp":"2025-04-14T22:29:39.857Z"}
{"level":"info","message":"Server running on port 3000","timestamp":"2025-04-14T22:29:39.858Z"}
{"level":"info","message":"Connected to database successfully","timestamp":"2025-04-14T22:29:45.136Z"}
{"level":"info","message":"Connected to database: Booking","timestamp":"2025-04-14T22:29:45.137Z"}
{"level":"info","message":"Server running on port 3000","timestamp":"2025-04-14T22:29:45.138Z"}
{"level":"info","message":"Connected to database successfully","timestamp":"2025-04-14T22:29:46.284Z"}
{"level":"info","message":"Connected to database: Booking","timestamp":"2025-04-14T22:29:46.285Z"}
{"level":"info","message":"Server running on port 3000","timestamp":"2025-04-14T22:29:46.286Z"}
{"level":"info","message":"POST /api/auth/register","timestamp":"2025-04-14T22:29:50.641Z"}
{"level":"error","message":"API Error: Required, Required","stack":"Error: Required, Required\n    at /Users/manojgokina/Documents/bookingapp_backend/src/middleware/validation.middleware.ts:12:19\n    at Layer.handle [as handle_request] (/Users/manojgokina/Documents/bookingapp_backend/node_modules/express/lib/router/layer.js:95:5)\n    at next (/Users/manojgokina/Documents/bookingapp_backend/node_modules/express/lib/router/route.js:149:13)\n    at Route.dispatch (/Users/manojgokina/Documents/bookingapp_backend/node_modules/express/lib/router/route.js:119:3)\n    at Layer.handle [as handle_request] (/Users/manojgokina/Documents/bookingapp_backend/node_modules/express/lib/router/layer.js:95:5)\n    at /Users/manojgokina/Documents/bookingapp_backend/node_modules/express/lib/router/index.js:284:15\n    at Function.process_params (/Users/manojgokina/Documents/bookingapp_backend/node_modules/express/lib/router/index.js:346:12)\n    at next (/Users/manojgokina/Documents/bookingapp_backend/node_modules/express/lib/router/index.js:280:10)\n    at Function.handle (/Users/manojgokina/Documents/bookingapp_backend/node_modules/express/lib/router/index.js:175:3)\n    at router (/Users/manojgokina/Documents/bookingapp_backend/node_modules/express/lib/router/index.js:47:12)","statusCode":400,"timestamp":"2025-04-14T22:29:50.648Z"}
{"level":"info","message":"POST /api/auth/register","timestamp":"2025-04-14T22:29:51.464Z"}
{"level":"error","message":"API Error: Required, Required","stack":"Error: Required, Required\n    at /Users/manojgokina/Documents/bookingapp_backend/src/middleware/validation.middleware.ts:12:19\n    at Layer.handle [as handle_request] (/Users/manojgokina/Documents/bookingapp_backend/node_modules/express/lib/router/layer.js:95:5)\n    at next (/Users/manojgokina/Documents/bookingapp_backend/node_modules/express/lib/router/route.js:149:13)\n    at Route.dispatch (/Users/manojgokina/Documents/bookingapp_backend/node_modules/express/lib/router/route.js:119:3)\n    at Layer.handle [as handle_request] (/Users/manojgokina/Documents/bookingapp_backend/node_modules/express/lib/router/layer.js:95:5)\n    at /Users/manojgokina/Documents/bookingapp_backend/node_modules/express/lib/router/index.js:284:15\n    at Function.process_params (/Users/manojgokina/Documents/bookingapp_backend/node_modules/express/lib/router/index.js:346:12)\n    at next (/Users/manojgokina/Documents/bookingapp_backend/node_modules/express/lib/router/index.js:280:10)\n    at Function.handle (/Users/manojgokina/Documents/bookingapp_backend/node_modules/express/lib/router/index.js:175:3)\n    at router (/Users/manojgokina/Documents/bookingapp_backend/node_modules/express/lib/router/index.js:47:12)","statusCode":400,"timestamp":"2025-04-14T22:29:51.465Z"}
{"level":"info","message":"POST /api/auth/register","timestamp":"2025-04-14T22:29:51.752Z"}
{"level":"error","message":"API Error: Required, Required","stack":"Error: Required, Required\n    at /Users/manojgokina/Documents/bookingapp_backend/src/middleware/validation.middleware.ts:12:19\n    at Layer.handle [as handle_request] (/Users/manojgokina/Documents/bookingapp_backend/node_modules/express/lib/router/layer.js:95:5)\n    at next (/Users/manojgokina/Documents/bookingapp_backend/node_modules/express/lib/router/route.js:149:13)\n    at Route.dispatch (/Users/manojgokina/Documents/bookingapp_backend/node_modules/express/lib/router/route.js:119:3)\n    at Layer.handle [as handle_request] (/Users/manojgokina/Documents/bookingapp_backend/node_modules/express/lib/router/layer.js:95:5)\n    at /Users/manojgokina/Documents/bookingapp_backend/node_modules/express/lib/router/index.js:284:15\n    at Function.process_params (/Users/manojgokina/Documents/bookingapp_backend/node_modules/express/lib/router/index.js:346:12)\n    at next (/Users/manojgokina/Documents/bookingapp_backend/node_modules/express/lib/router/index.js:280:10)\n    at Function.handle (/Users/manojgokina/Documents/bookingapp_backend/node_modules/express/lib/router/index.js:175:3)\n    at router (/Users/manojgokina/Documents/bookingapp_backend/node_modules/express/lib/router/index.js:47:12)","statusCode":400,"timestamp":"2025-04-14T22:29:51.755Z"}
{"level":"info","message":"Connected to database successfully","timestamp":"2025-04-14T22:30:17.585Z"}
{"level":"info","message":"Connected to database: Booking","timestamp":"2025-04-14T22:30:17.586Z"}
{"level":"info","message":"Server running on port 3000","timestamp":"2025-04-14T22:30:17.587Z"}
{"level":"info","message":"Connected to database successfully","timestamp":"2025-04-14T22:30:22.395Z"}
{"level":"info","message":"Connected to database: Booking","timestamp":"2025-04-14T22:30:22.395Z"}
{"level":"info","message":"Server running on port 3000","timestamp":"2025-04-14T22:30:22.396Z"}
{"level":"info","message":"Connected to database successfully","timestamp":"2025-04-14T22:30:24.978Z"}
{"level":"info","message":"Connected to database: Booking","timestamp":"2025-04-14T22:30:24.979Z"}
{"level":"info","message":"Server running on port 3000","timestamp":"2025-04-14T22:30:24.980Z"}
{"level":"info","message":"Connected to database successfully","timestamp":"2025-04-14T22:30:27.160Z"}
{"level":"info","message":"Connected to database: Booking","timestamp":"2025-04-14T22:30:27.161Z"}
{"level":"info","message":"Server running on port 3000","timestamp":"2025-04-14T22:30:27.162Z"}
{"level":"info","message":"Connected to database successfully","timestamp":"2025-04-14T22:30:29.616Z"}
{"level":"info","message":"Connected to database: Booking","timestamp":"2025-04-14T22:30:29.617Z"}
{"level":"info","message":"Server running on port 3000","timestamp":"2025-04-14T22:30:29.618Z"}
{"level":"info","message":"Connected to database successfully","timestamp":"2025-04-14T22:30:32.942Z"}
{"level":"info","message":"Connected to database: Booking","timestamp":"2025-04-14T22:30:32.943Z"}
{"level":"info","message":"Server running on port 3000","timestamp":"2025-04-14T22:30:32.945Z"}
{"level":"info","message":"POST /api/auth/register","timestamp":"2025-04-14T22:30:38.223Z"}
{"level":"info","message":"Connected to database successfully","timestamp":"2025-04-14T22:50:33.669Z"}
{"level":"info","message":"Connected to database: Booking","timestamp":"2025-04-14T22:50:33.671Z"}
{"level":"info","message":"Server running on port 3000","timestamp":"2025-04-14T22:50:33.672Z"}
{"level":"info","message":"Connected to database successfully","timestamp":"2025-04-14T23:00:03.910Z"}
{"level":"info","message":"Connected to database: Booking","timestamp":"2025-04-14T23:00:03.911Z"}
{"level":"info","message":"Server running on port 3000","timestamp":"2025-04-14T23:00:03.912Z"}
{"level":"info","message":"Connected to database successfully","timestamp":"2025-04-14T23:00:09.027Z"}
{"level":"info","message":"Connected to database: Booking","timestamp":"2025-04-14T23:00:09.028Z"}
{"level":"info","message":"Server running on port 3000","timestamp":"2025-04-14T23:00:09.029Z"}
{"level":"info","message":"Connected to database successfully","timestamp":"2025-04-14T23:00:18.773Z"}
{"level":"info","message":"Connected to database: Booking","timestamp":"2025-04-14T23:00:18.774Z"}
{"level":"info","message":"Server running on port 3000","timestamp":"2025-04-14T23:00:18.775Z"}
{"level":"info","message":"Connected to database successfully","timestamp":"2025-04-14T23:01:11.646Z"}
{"level":"info","message":"Connected to database: Booking","timestamp":"2025-04-14T23:01:11.647Z"}
{"level":"info","message":"Server running on port 3000","timestamp":"2025-04-14T23:01:11.648Z"}
{"level":"info","message":"GET /api/services/get-service-categories","timestamp":"2025-04-14T23:02:02.471Z"}
{"level":"info","message":"GET /api/services/get-service-categories","timestamp":"2025-04-14T23:02:07.108Z"}
{"level":"info","message":"GET /api/services/get-service-categories","timestamp":"2025-04-14T23:02:08.257Z"}
{"level":"info","message":"POST /api/services/service-categories","timestamp":"2025-04-14T23:04:55.113Z"}
{"level":"error","message":"Unexpected Error: categories is not iterable","stack":"TypeError: categories is not iterable\n    at postServiceCategories (/Users/manojgokina/Documents/bookingapp_backend/src/controllers/services.controller.ts:16:32)\n    at Layer.handle [as handle_request] (/Users/manojgokina/Documents/bookingapp_backend/node_modules/express/lib/router/layer.js:95:5)\n    at next (/Users/manojgokina/Documents/bookingapp_backend/node_modules/express/lib/router/route.js:149:13)\n    at Route.dispatch (/Users/manojgokina/Documents/bookingapp_backend/node_modules/express/lib/router/route.js:119:3)\n    at Layer.handle [as handle_request] (/Users/manojgokina/Documents/bookingapp_backend/node_modules/express/lib/router/layer.js:95:5)\n    at /Users/manojgokina/Documents/bookingapp_backend/node_modules/express/lib/router/index.js:284:15\n    at Function.process_params (/Users/manojgokina/Documents/bookingapp_backend/node_modules/express/lib/router/index.js:346:12)\n    at next (/Users/manojgokina/Documents/bookingapp_backend/node_modules/express/lib/router/index.js:280:10)\n    at Function.handle (/Users/manojgokina/Documents/bookingapp_backend/node_modules/express/lib/router/index.js:175:3)\n    at router (/Users/manojgokina/Documents/bookingapp_backend/node_modules/express/lib/router/index.js:47:12)","timestamp":"2025-04-14T23:04:55.119Z"}
{"level":"info","message":"Connected to database successfully","timestamp":"2025-04-14T23:06:37.531Z"}
{"level":"info","message":"Connected to database: Booking","timestamp":"2025-04-14T23:06:37.533Z"}
{"level":"info","message":"Server running on port 3000","timestamp":"2025-04-14T23:06:37.534Z"}
{"level":"info","message":"Connected to database successfully","timestamp":"2025-04-14T23:06:40.092Z"}
{"level":"info","message":"Connected to database: Booking","timestamp":"2025-04-14T23:06:40.093Z"}
{"level":"info","message":"Server running on port 3000","timestamp":"2025-04-14T23:06:40.094Z"}
{"level":"info","message":"Connected to database successfully","timestamp":"2025-04-14T23:06:40.558Z"}
{"level":"info","message":"Connected to database: Booking","timestamp":"2025-04-14T23:06:40.559Z"}
{"level":"info","message":"Server running on port 3000","timestamp":"2025-04-14T23:06:40.560Z"}
{"level":"info","message":"POST /api/services/service-categories","timestamp":"2025-04-14T23:06:45.883Z"}
{"level":"info","message":"GET /api/services/get-service-categories","timestamp":"2025-04-14T23:08:51.606Z"}
{"level":"info","message":"Connected to database successfully","timestamp":"2025-04-14T23:11:59.682Z"}
{"level":"info","message":"Connected to database: Booking","timestamp":"2025-04-14T23:11:59.684Z"}
{"level":"info","message":"Server running on port 3000","timestamp":"2025-04-14T23:11:59.685Z"}
{"level":"info","message":"Connected to database successfully","timestamp":"2025-04-14T23:12:02.238Z"}
{"level":"info","message":"Connected to database: Booking","timestamp":"2025-04-14T23:12:02.239Z"}
{"level":"info","message":"Server running on port 3000","timestamp":"2025-04-14T23:12:02.240Z"}
{"level":"info","message":"GET /api/services/get-service-categories","timestamp":"2025-04-14T23:12:10.024Z"}
{"level":"info","message":"Connected to database successfully","timestamp":"2025-04-14T23:13:36.072Z"}
{"level":"info","message":"Connected to database: Booking","timestamp":"2025-04-14T23:13:36.074Z"}
{"level":"info","message":"Server running on port 3000","timestamp":"2025-04-14T23:13:36.075Z"}
{"level":"info","message":"Connected to database successfully","timestamp":"2025-04-14T23:13:52.836Z"}
{"level":"info","message":"Connected to database: Booking","timestamp":"2025-04-14T23:13:52.837Z"}
{"level":"info","message":"Server running on port 3000","timestamp":"2025-04-14T23:13:52.838Z"}
{"level":"info","message":"Connected to database successfully","timestamp":"2025-04-14T23:14:04.737Z"}
{"level":"info","message":"Connected to database: Booking","timestamp":"2025-04-14T23:14:04.738Z"}
{"level":"info","message":"Server running on port 3000","timestamp":"2025-04-14T23:14:04.739Z"}
{"level":"info","message":"Connected to database successfully","timestamp":"2025-04-14T23:14:09.543Z"}
{"level":"info","message":"Connected to database: Booking","timestamp":"2025-04-14T23:14:09.544Z"}
{"level":"info","message":"Server running on port 3000","timestamp":"2025-04-14T23:14:09.545Z"}
{"level":"info","message":"Connected to database successfully","timestamp":"2025-04-14T23:14:10.901Z"}
{"level":"info","message":"Connected to database: Booking","timestamp":"2025-04-14T23:14:10.902Z"}
{"level":"info","message":"Server running on port 3000","timestamp":"2025-04-14T23:14:10.903Z"}
{"level":"info","message":"POST /api/services/service-categories","timestamp":"2025-04-14T23:15:47.064Z"}
{"level":"info","message":"POST /api/services/service-categories","timestamp":"2025-04-14T23:16:14.738Z"}
{"code":11000,"errorLabelSet":{},"errorResponse":{"code":11000,"message":"E11000 duplicate key error collection: Booking.subcategories index: name_1 dup key: { name: \"Haircut\" }","writeErrors":[{"err":{"code":11000,"errmsg":"E11000 duplicate key error collection: Booking.subcategories index: name_1 dup key: { name: \"Haircut\" }","index":0,"op":{"__v":0,"_id":"67fd973eb7bb50f04df2ca67","categoryId":"67fd973eb7bb50f04df2ca65","createdAt":"2025-04-14T23:16:14.744Z","image":"https://images.unsplash.com/photo-1508710727137-c01db6155045?w=100&h=100&fit=crop","name":"Haircut","updatedAt":"2025-04-14T23:16:14.744Z"}},"index":0}]},"insertedDocs":[],"level":"error","message":"Unexpected Error: E11000 duplicate key error collection: Booking.subcategories index: name_1 dup key: { name: \"Haircut\" }","result":{"deletedCount":0,"insertedCount":0,"insertedIds":{},"matchedCount":0,"modifiedCount":0,"upsertedCount":0,"upsertedIds":{}},"stack":"MongoBulkWriteError: E11000 duplicate key error collection: Booking.subcategories index: name_1 dup key: { name: \"Haircut\" }\n    at OrderedBulkOperation.handleWriteError (/Users/manojgokina/Documents/bookingapp_backend/node_modules/mongodb/src/bulk/common.ts:1224:13)\n    at executeCommands (/Users/manojgokina/Documents/bookingapp_backend/node_modules/mongodb/src/bulk/common.ts:587:19)\n    at processTicksAndRejections (node:internal/process/task_queues:105:5)\n    at BulkWriteShimOperation.execute (/Users/manojgokina/Documents/bookingapp_backend/node_modules/mongodb/src/bulk/common.ts:882:12)\n    at tryOperation (/Users/manojgokina/Documents/bookingapp_backend/node_modules/mongodb/src/operations/execute_operation.ts:283:14)\n    at executeOperation (/Users/manojgokina/Documents/bookingapp_backend/node_modules/mongodb/src/operations/execute_operation.ts:115:12)\n    at OrderedBulkOperation.execute (/Users/manojgokina/Documents/bookingapp_backend/node_modules/mongodb/src/bulk/common.ts:1211:12)\n    at BulkWriteOperation.execute (/Users/manojgokina/Documents/bookingapp_backend/node_modules/mongodb/src/operations/bulk_write.ts:60:12)\n    at InsertManyOperation.execute (/Users/manojgokina/Documents/bookingapp_backend/node_modules/mongodb/src/operations/insert.ts:147:19)\n    at tryOperation (/Users/manojgokina/Documents/bookingapp_backend/node_modules/mongodb/src/operations/execute_operation.ts:283:14)","timestamp":"2025-04-14T23:16:14.765Z","writeErrors":[{"err":{"code":11000,"errmsg":"E11000 duplicate key error collection: Booking.subcategories index: name_1 dup key: { name: \"Haircut\" }","index":0,"op":{"__v":0,"_id":"67fd973eb7bb50f04df2ca67","categoryId":"67fd973eb7bb50f04df2ca65","createdAt":"2025-04-14T23:16:14.744Z","image":"https://images.unsplash.com/photo-1508710727137-c01db6155045?w=100&h=100&fit=crop","name":"Haircut","updatedAt":"2025-04-14T23:16:14.744Z"}},"index":0}]}
{"level":"info","message":"POST /api/services/service-categories","timestamp":"2025-04-14T23:17:38.913Z"}
{"level":"info","message":"POST /api/services/service-categories","timestamp":"2025-04-14T23:17:57.161Z"}
{"level":"info","message":"POST /api/services/service-categories","timestamp":"2025-04-14T23:18:10.358Z"}
{"level":"info","message":"GET /api/services/get-service-categories","timestamp":"2025-04-14T23:18:40.150Z"}
{"level":"info","message":"Connected to database successfully","timestamp":"2025-04-14T23:21:28.035Z"}
{"level":"info","message":"Connected to database: Booking","timestamp":"2025-04-14T23:21:28.037Z"}
{"level":"info","message":"Server running on port 3000","timestamp":"2025-04-14T23:21:28.038Z"}
{"level":"info","message":"Connected to database successfully","timestamp":"2025-04-14T23:23:20.305Z"}
{"level":"info","message":"Connected to database: Booking","timestamp":"2025-04-14T23:23:20.307Z"}
{"level":"info","message":"Server running on port 3000","timestamp":"2025-04-14T23:23:20.308Z"}
{"level":"info","message":"Connected to database successfully","timestamp":"2025-04-14T23:23:30.462Z"}
{"level":"info","message":"Connected to database: Booking","timestamp":"2025-04-14T23:23:30.463Z"}
{"level":"info","message":"Server running on port 3000","timestamp":"2025-04-14T23:23:30.464Z"}
{"level":"info","message":"Connected to database successfully","timestamp":"2025-04-14T23:23:34.189Z"}
{"level":"info","message":"Connected to database: Booking","timestamp":"2025-04-14T23:23:34.190Z"}
{"level":"info","message":"Server running on port 3000","timestamp":"2025-04-14T23:23:34.191Z"}
{"level":"info","message":"Connected to database successfully","timestamp":"2025-04-15T16:40:13.719Z"}
{"level":"info","message":"Connected to database: Booking","timestamp":"2025-04-15T16:40:13.720Z"}
{"level":"info","message":"Server running on port 3000","timestamp":"2025-04-15T16:40:13.721Z"}
{"level":"info","message":"Connected to database successfully","timestamp":"2025-04-15T16:50:03.010Z"}
{"level":"info","message":"Connected to database: Booking","timestamp":"2025-04-15T16:50:03.011Z"}
{"level":"info","message":"Server running on port 3000","timestamp":"2025-04-15T16:50:03.012Z"}
{"level":"info","message":"Connected to database successfully","timestamp":"2025-04-15T16:50:05.831Z"}
{"level":"info","message":"Connected to database: Booking","timestamp":"2025-04-15T16:50:05.832Z"}
{"level":"info","message":"Server running on port 3000","timestamp":"2025-04-15T16:50:05.833Z"}
{"level":"info","message":"Connected to database successfully","timestamp":"2025-04-15T16:50:14.364Z"}
{"level":"info","message":"Connected to database: Booking","timestamp":"2025-04-15T16:50:14.366Z"}
{"level":"info","message":"Server running on port 3000","timestamp":"2025-04-15T16:50:14.366Z"}
{"level":"info","message":"Connected to database successfully","timestamp":"2025-04-15T16:50:18.219Z"}
{"level":"info","message":"Connected to database: Booking","timestamp":"2025-04-15T16:50:18.220Z"}
{"level":"info","message":"Server running on port 3000","timestamp":"2025-04-15T16:50:18.221Z"}
{"level":"info","message":"Connected to database successfully","timestamp":"2025-04-15T16:50:22.852Z"}
{"level":"info","message":"Connected to database: Booking","timestamp":"2025-04-15T16:50:22.853Z"}
{"level":"info","message":"Server running on port 3000","timestamp":"2025-04-15T16:50:22.854Z"}
{"level":"info","message":"Connected to database successfully","timestamp":"2025-04-15T16:50:27.144Z"}
{"level":"info","message":"Connected to database: Booking","timestamp":"2025-04-15T16:50:27.145Z"}
{"level":"info","message":"Server running on port 3000","timestamp":"2025-04-15T16:50:27.146Z"}
{"level":"info","message":"Connected to database successfully","timestamp":"2025-04-15T16:50:31.394Z"}
{"level":"info","message":"Connected to database: Booking","timestamp":"2025-04-15T16:50:31.395Z"}
{"level":"info","message":"Server running on port 3000","timestamp":"2025-04-15T16:50:31.396Z"}
{"level":"info","message":"Connected to database successfully","timestamp":"2025-04-15T16:50:45.398Z"}
{"level":"info","message":"Connected to database: Booking","timestamp":"2025-04-15T16:50:45.399Z"}
{"level":"info","message":"Server running on port 3000","timestamp":"2025-04-15T16:50:45.400Z"}
{"level":"info","message":"Connected to database successfully","timestamp":"2025-04-15T16:50:48.171Z"}
{"level":"info","message":"Connected to database: Booking","timestamp":"2025-04-15T16:50:48.172Z"}
{"level":"info","message":"Server running on port 3000","timestamp":"2025-04-15T16:50:48.173Z"}
{"level":"info","message":"Connected to database successfully","timestamp":"2025-04-15T16:56:10.283Z"}
{"level":"info","message":"Connected to database: Booking","timestamp":"2025-04-15T16:56:10.284Z"}
{"level":"info","message":"Server running on port 3000","timestamp":"2025-04-15T16:56:10.285Z"}
{"level":"info","message":"Connected to database successfully","timestamp":"2025-04-15T16:56:11.771Z"}
{"level":"info","message":"Connected to database: Booking","timestamp":"2025-04-15T16:56:11.773Z"}
{"level":"info","message":"Server running on port 3000","timestamp":"2025-04-15T16:56:11.774Z"}
{"level":"info","message":"Connected to database successfully","timestamp":"2025-04-15T16:56:27.990Z"}
{"level":"info","message":"Connected to database: Booking","timestamp":"2025-04-15T16:56:27.991Z"}
{"level":"info","message":"Server running on port 3000","timestamp":"2025-04-15T16:56:27.992Z"}
{"level":"info","message":"Connected to database successfully","timestamp":"2025-04-15T16:56:32.989Z"}
{"level":"info","message":"Connected to database: Booking","timestamp":"2025-04-15T16:56:32.991Z"}
{"level":"info","message":"Server running on port 3000","timestamp":"2025-04-15T16:56:32.992Z"}
{"level":"info","message":"Connected to database successfully","timestamp":"2025-04-15T16:56:37.952Z"}
{"level":"info","message":"Connected to database: Booking","timestamp":"2025-04-15T16:56:37.954Z"}
{"level":"info","message":"Server running on port 3000","timestamp":"2025-04-15T16:56:37.954Z"}
{"level":"info","message":"Connected to database successfully","timestamp":"2025-04-15T16:56:39.327Z"}
{"level":"info","message":"Connected to database: Booking","timestamp":"2025-04-15T16:56:39.328Z"}
{"level":"info","message":"Server running on port 3000","timestamp":"2025-04-15T16:56:39.329Z"}
{"level":"info","message":"Connected to database successfully","timestamp":"2025-04-15T16:56:44.460Z"}
{"level":"info","message":"Connected to database: Booking","timestamp":"2025-04-15T16:56:44.461Z"}
{"level":"info","message":"Server running on port 3000","timestamp":"2025-04-15T16:56:44.462Z"}
{"level":"info","message":"POST /api/services/service-categories","timestamp":"2025-04-15T16:57:56.359Z"}
{"level":"error","message":"API Error: Invalid url, Invalid url, Invalid url","stack":"Error: Invalid url, Invalid url, Invalid url\n    at /Users/manojgokina/Documents/bookingapp_backend/src/middleware/validation.middleware.ts:12:19\n    at Layer.handle [as handle_request] (/Users/manojgokina/Documents/bookingapp_backend/node_modules/express/lib/router/layer.js:95:5)\n    at next (/Users/manojgokina/Documents/bookingapp_backend/node_modules/express/lib/router/route.js:149:13)\n    at Route.dispatch (/Users/manojgokina/Documents/bookingapp_backend/node_modules/express/lib/router/route.js:119:3)\n    at Layer.handle [as handle_request] (/Users/manojgokina/Documents/bookingapp_backend/node_modules/express/lib/router/layer.js:95:5)\n    at /Users/manojgokina/Documents/bookingapp_backend/node_modules/express/lib/router/index.js:284:15\n    at Function.process_params (/Users/manojgokina/Documents/bookingapp_backend/node_modules/express/lib/router/index.js:346:12)\n    at next (/Users/manojgokina/Documents/bookingapp_backend/node_modules/express/lib/router/index.js:280:10)\n    at Function.handle (/Users/manojgokina/Documents/bookingapp_backend/node_modules/express/lib/router/index.js:175:3)\n    at router (/Users/manojgokina/Documents/bookingapp_backend/node_modules/express/lib/router/index.js:47:12)","statusCode":400,"timestamp":"2025-04-15T16:57:56.366Z"}
{"level":"info","message":"Connected to database successfully","timestamp":"2025-04-15T16:58:46.537Z"}
{"level":"info","message":"Connected to database: Booking","timestamp":"2025-04-15T16:58:46.539Z"}
{"level":"info","message":"Server running on port 3000","timestamp":"2025-04-15T16:58:46.540Z"}
{"level":"info","message":"POST /api/services/service-categories","timestamp":"2025-04-15T16:58:47.974Z"}
{"level":"info","message":"Connected to database successfully","timestamp":"2025-04-15T17:00:26.054Z"}
{"level":"info","message":"Connected to database: Booking","timestamp":"2025-04-15T17:00:26.055Z"}
{"level":"info","message":"Server running on port 3000","timestamp":"2025-04-15T17:00:26.056Z"}
{"level":"info","message":"Connected to database successfully","timestamp":"2025-04-15T17:00:54.478Z"}
{"level":"info","message":"Connected to database: Booking","timestamp":"2025-04-15T17:00:54.479Z"}
{"level":"info","message":"Server running on port 3000","timestamp":"2025-04-15T17:00:54.480Z"}
{"level":"info","message":"POST /api/services/service-categories","timestamp":"2025-04-15T17:01:05.824Z"}
{"level":"error","message":"API Error: Invalid url, Invalid url, Invalid url, Invalid url, Invalid url, Invalid url, Invalid url, Invalid url, Invalid url, Invalid url, Invalid url, Invalid url, Invalid url, Invalid url, Invalid url, Invalid url","stack":"Error: Invalid url, Invalid url, Invalid url, Invalid url, Invalid url, Invalid url, Invalid url, Invalid url, Invalid url, Invalid url, Invalid url, Invalid url, Invalid url, Invalid url, Invalid url, Invalid url\n    at /Users/manojgokina/Documents/bookingapp_backend/src/middleware/validation.middleware.ts:12:19\n    at Layer.handle [as handle_request] (/Users/manojgokina/Documents/bookingapp_backend/node_modules/express/lib/router/layer.js:95:5)\n    at next (/Users/manojgokina/Documents/bookingapp_backend/node_modules/express/lib/router/route.js:149:13)\n    at Route.dispatch (/Users/manojgokina/Documents/bookingapp_backend/node_modules/express/lib/router/route.js:119:3)\n    at Layer.handle [as handle_request] (/Users/manojgokina/Documents/bookingapp_backend/node_modules/express/lib/router/layer.js:95:5)\n    at /Users/manojgokina/Documents/bookingapp_backend/node_modules/express/lib/router/index.js:284:15\n    at Function.process_params (/Users/manojgokina/Documents/bookingapp_backend/node_modules/express/lib/router/index.js:346:12)\n    at next (/Users/manojgokina/Documents/bookingapp_backend/node_modules/express/lib/router/index.js:280:10)\n    at Function.handle (/Users/manojgokina/Documents/bookingapp_backend/node_modules/express/lib/router/index.js:175:3)\n    at router (/Users/manojgokina/Documents/bookingapp_backend/node_modules/express/lib/router/index.js:47:12)","statusCode":400,"timestamp":"2025-04-15T17:01:05.829Z"}
{"level":"info","message":"Connected to database successfully","timestamp":"2025-04-15T17:03:43.090Z"}
{"level":"info","message":"Connected to database: Booking","timestamp":"2025-04-15T17:03:43.092Z"}
{"level":"info","message":"Server running on port 3000","timestamp":"2025-04-15T17:03:43.093Z"}
{"level":"info","message":"Connected to database successfully","timestamp":"2025-04-15T17:03:46.420Z"}
{"level":"info","message":"Connected to database: Booking","timestamp":"2025-04-15T17:03:46.421Z"}
{"level":"info","message":"Server running on port 3000","timestamp":"2025-04-15T17:03:46.422Z"}
{"level":"info","message":"POST /api/services/service-categories","timestamp":"2025-04-15T17:03:51.119Z"}
{"code":11000,"errorLabelSet":{},"errorResponse":{"code":11000,"message":"E11000 duplicate key error collection: Booking.subcategories index: name_1 dup key: { name: \"Residential Pest Control\" }","writeErrors":[{"err":{"code":11000,"errmsg":"E11000 duplicate key error collection: Booking.subcategories index: name_1 dup key: { name: \"Residential Pest Control\" }","index":0,"op":{"__v":0,"_id":"67fe91777305f28ed7742727","categoryId":"67fe91777305f28ed7742725","createdAt":"2025-04-15T17:03:51.134Z","image":"residential.jpg","name":"Residential Pest Control","updatedAt":"2025-04-15T17:03:51.134Z"}},"index":0}]},"insertedDocs":[],"level":"error","message":"Unexpected Error: E11000 duplicate key error collection: Booking.subcategories index: name_1 dup key: { name: \"Residential Pest Control\" }","result":{"deletedCount":0,"insertedCount":0,"insertedIds":{},"matchedCount":0,"modifiedCount":0,"upsertedCount":0,"upsertedIds":{}},"stack":"MongoBulkWriteError: E11000 duplicate key error collection: Booking.subcategories index: name_1 dup key: { name: \"Residential Pest Control\" }\n    at OrderedBulkOperation.handleWriteError (/Users/manojgokina/Documents/bookingapp_backend/node_modules/mongodb/src/bulk/common.ts:1224:13)\n    at executeCommands (/Users/manojgokina/Documents/bookingapp_backend/node_modules/mongodb/src/bulk/common.ts:587:19)\n    at processTicksAndRejections (node:internal/process/task_queues:105:5)\n    at BulkWriteShimOperation.execute (/Users/manojgokina/Documents/bookingapp_backend/node_modules/mongodb/src/bulk/common.ts:882:12)\n    at tryOperation (/Users/manojgokina/Documents/bookingapp_backend/node_modules/mongodb/src/operations/execute_operation.ts:283:14)\n    at executeOperation (/Users/manojgokina/Documents/bookingapp_backend/node_modules/mongodb/src/operations/execute_operation.ts:115:12)\n    at OrderedBulkOperation.execute (/Users/manojgokina/Documents/bookingapp_backend/node_modules/mongodb/src/bulk/common.ts:1211:12)\n    at BulkWriteOperation.execute (/Users/manojgokina/Documents/bookingapp_backend/node_modules/mongodb/src/operations/bulk_write.ts:60:12)\n    at InsertManyOperation.execute (/Users/manojgokina/Documents/bookingapp_backend/node_modules/mongodb/src/operations/insert.ts:147:19)\n    at tryOperation (/Users/manojgokina/Documents/bookingapp_backend/node_modules/mongodb/src/operations/execute_operation.ts:283:14)","timestamp":"2025-04-15T17:03:51.150Z","writeErrors":[{"err":{"code":11000,"errmsg":"E11000 duplicate key error collection: Booking.subcategories index: name_1 dup key: { name: \"Residential Pest Control\" }","index":0,"op":{"__v":0,"_id":"67fe91777305f28ed7742727","categoryId":"67fe91777305f28ed7742725","createdAt":"2025-04-15T17:03:51.134Z","image":"residential.jpg","name":"Residential Pest Control","updatedAt":"2025-04-15T17:03:51.134Z"}},"index":0}]}
{"level":"info","message":"POST /api/services/service-categories","timestamp":"2025-04-15T17:05:54.357Z"}
{"body":"{\n    \"name\": \"Home Cleaning\",\n    \"image\": \"home-cleaning.jpg\",\n    \"banner\": \"home-cleaning-banner.jpg\",\n    \"subCategories\": [\n      {\n        \"name\": \"Room Cleaning\",\n        \"image\": \"room-cleaning.jpg\",\n        \"services\": [\n          {\n            \"name\": \"Bedroom Cleaning\",\n            \"image\": \"bedroom.jpg\",\n            \"subServices\": [\n              { \"name\": \"Deep Cleaning\", \"image\": \"deep.jpg\" },\n              { \"name\": \"Regular Cleaning\", \"image\": \"regular.jpg\" }\n            ]\n          },\n          {\n            \"name\": \"Living Room Cleaning\",\n            \"image\": \"living-room.jpg\",\n            \"subServices\": [\n              { \"name\": \"Carpet Vacuuming\", \"image\": \"carpet.jpg\" },\n              { \"name\": \"Surface Wiping\", \"image\": \"surface.jpg\" }\n            ]\n          }\n        ]\n      },\n      {\n        \"name\": \"Bathroom Cleaning\",\n        \"image\": \"bathroom-cleaning.jpg\",\n        \"services\": [\n          {\n            \"name\": \"Toilet Cleaning\",\n            \"image\": \"toilet.jpg\",\n            \"subServices\": [\n              { \"name\": \"Hard Water Stain Removal\", \"image\": \"stain.jpg\" },\n              { \"name\": \"Disinfection\", \"image\": \"disinfect.jpg\" }\n            ]\n          }\n        ]\n      }\n    ]\n  },\n","expose":true,"level":"error","message":"Unexpected Error: Unexpected non-whitespace character after JSON at position 1234 (line 43 column 4)","stack":"SyntaxError: Unexpected non-whitespace character after JSON at position 1234 (line 43 column 4)\n    at JSON.parse (<anonymous>)\n    at parse (/Users/manojgokina/Documents/bookingapp_backend/node_modules/body-parser/lib/types/json.js:92:19)\n    at /Users/manojgokina/Documents/bookingapp_backend/node_modules/body-parser/lib/read.js:128:18\n    at AsyncResource.runInAsyncScope (node:async_hooks:214:14)\n    at invokeCallback (/Users/manojgokina/Documents/bookingapp_backend/node_modules/raw-body/index.js:238:16)\n    at done (/Users/manojgokina/Documents/bookingapp_backend/node_modules/raw-body/index.js:227:7)\n    at IncomingMessage.onEnd (/Users/manojgokina/Documents/bookingapp_backend/node_modules/raw-body/index.js:287:7)\n    at IncomingMessage.emit (node:events:507:28)\n    at endReadableNT (node:internal/streams/readable:1696:12)\n    at processTicksAndRejections (node:internal/process/task_queues:90:21)","status":400,"statusCode":400,"timestamp":"2025-04-15T17:08:39.317Z","type":"entity.parse.failed"}
{"body":"{\n    \"name\": \"Home Cleaning\",\n    \"image\": \"home-cleaning.jpg\",\n    \"banner\": \"home-cleaning-banner.jpg\",\n    \"subCategories\": [\n      {\n        \"name\": \"Room Cleaning\",\n        \"image\": \"room-cleaning.jpg\",\n        \"services\": [\n          {\n            \"name\": \"Bedroom Cleaning\",\n            \"image\": \"bedroom.jpg\",\n            \"subServices\": [\n              { \"name\": \"Deep Cleaning\", \"image\": \"deep.jpg\" },\n              { \"name\": \"Regular Cleaning\", \"image\": \"regular.jpg\" }\n            ]\n          },\n          {\n            \"name\": \"Living Room Cleaning\",\n            \"image\": \"living-room.jpg\",\n            \"subServices\": [\n              { \"name\": \"Carpet Vacuuming\", \"image\": \"carpet.jpg\" },\n              { \"name\": \"Surface Wiping\", \"image\": \"surface.jpg\" }\n            ]\n          }\n        ]\n      },\n      {\n        \"name\": \"Bathroom Cleaning\",\n        \"image\": \"bathroom-cleaning.jpg\",\n        \"services\": [\n          {\n            \"name\": \"Toilet Cleaning\",\n            \"image\": \"toilet.jpg\",\n            \"subServices\": [\n              { \"name\": \"Hard Water Stain Removal\", \"image\": \"stain.jpg\" },\n              { \"name\": \"Disinfection\", \"image\": \"disinfect.jpg\" }\n            ]\n          }\n        ]\n      }\n    ]\n  },\n","expose":true,"level":"error","message":"Unexpected Error: Unexpected non-whitespace character after JSON at position 1234 (line 43 column 4)","stack":"SyntaxError: Unexpected non-whitespace character after JSON at position 1234 (line 43 column 4)\n    at JSON.parse (<anonymous>)\n    at parse (/Users/manojgokina/Documents/bookingapp_backend/node_modules/body-parser/lib/types/json.js:92:19)\n    at /Users/manojgokina/Documents/bookingapp_backend/node_modules/body-parser/lib/read.js:128:18\n    at AsyncResource.runInAsyncScope (node:async_hooks:214:14)\n    at invokeCallback (/Users/manojgokina/Documents/bookingapp_backend/node_modules/raw-body/index.js:238:16)\n    at done (/Users/manojgokina/Documents/bookingapp_backend/node_modules/raw-body/index.js:227:7)\n    at IncomingMessage.onEnd (/Users/manojgokina/Documents/bookingapp_backend/node_modules/raw-body/index.js:287:7)\n    at IncomingMessage.emit (node:events:507:28)\n    at endReadableNT (node:internal/streams/readable:1696:12)\n    at processTicksAndRejections (node:internal/process/task_queues:90:21)","status":400,"statusCode":400,"timestamp":"2025-04-15T17:10:57.304Z","type":"entity.parse.failed"}
{"body":"{\n    \"name\": \"Home Cleaning\",\n    \"image\": \"home-cleaning.jpg\",\n    \"banner\": \"home-cleaning-banner.jpg\",\n    \"subCategories\": [\n      {\n        \"name\": \"Room Cleaning\",\n        \"image\": \"room-cleaning.jpg\",\n        \"services\": [\n          {\n            \"name\": \"Bedroom Cleaning\",\n            \"image\": \"bedroom.jpg\",\n            \"subServices\": [\n              { \"name\": \"Deep Cleaning\", \"image\": \"deep.jpg\" },\n              { \"name\": \"Regular Cleaning\", \"image\": \"regular.jpg\" }\n            ]\n          },\n          {\n            \"name\": \"Living Room Cleaning\",\n            \"image\": \"living-room.jpg\",\n            \"subServices\": [\n              { \"name\": \"Carpet Vacuuming\", \"image\": \"carpet.jpg\" },\n              { \"name\": \"Surface Wiping\", \"image\": \"surface.jpg\" }\n            ]\n          }\n        ]\n      },\n      {\n        \"name\": \"Bathroom Cleaning\",\n        \"image\": \"bathroom-cleaning.jpg\",\n        \"services\": [\n          {\n            \"name\": \"Toilet Cleaning\",\n            \"image\": \"toilet.jpg\",\n            \"subServices\": [\n              { \"name\": \"Hard Water Stain Removal\", \"image\": \"stain.jpg\" },\n              { \"name\": \"Disinfection\", \"image\": \"disinfect.jpg\" }\n            ]\n          }\n        ]\n      }\n    ]\n  },\n","expose":true,"level":"error","message":"Unexpected Error: Unexpected non-whitespace character after JSON at position 1234 (line 43 column 4)","stack":"SyntaxError: Unexpected non-whitespace character after JSON at position 1234 (line 43 column 4)\n    at JSON.parse (<anonymous>)\n    at parse (/Users/manojgokina/Documents/bookingapp_backend/node_modules/body-parser/lib/types/json.js:92:19)\n    at /Users/manojgokina/Documents/bookingapp_backend/node_modules/body-parser/lib/read.js:128:18\n    at AsyncResource.runInAsyncScope (node:async_hooks:214:14)\n    at invokeCallback (/Users/manojgokina/Documents/bookingapp_backend/node_modules/raw-body/index.js:238:16)\n    at done (/Users/manojgokina/Documents/bookingapp_backend/node_modules/raw-body/index.js:227:7)\n    at IncomingMessage.onEnd (/Users/manojgokina/Documents/bookingapp_backend/node_modules/raw-body/index.js:287:7)\n    at IncomingMessage.emit (node:events:507:28)\n    at endReadableNT (node:internal/streams/readable:1696:12)\n    at processTicksAndRejections (node:internal/process/task_queues:90:21)","status":400,"statusCode":400,"timestamp":"2025-04-15T17:10:58.406Z","type":"entity.parse.failed"}
{"body":"{\n    \"name\": \"Home Cleaning\",\n    \"image\": \"home-cleaning.jpg\",\n    \"banner\": \"home-cleaning-banner.jpg\",\n    \"subCategories\": [\n      {\n        \"name\": \"Room Cleaning\",\n        \"image\": \"room-cleaning.jpg\",\n        \"services\": [\n          {\n            \"name\": \"Bedroom Cleaning\",\n            \"image\": \"bedroom.jpg\",\n            \"subServices\": [\n              { \"name\": \"Deep Cleaning\", \"image\": \"deep.jpg\" },\n              { \"name\": \"Regular Cleaning\", \"image\": \"regular.jpg\" }\n            ]\n          },\n          {\n            \"name\": \"Living Room Cleaning\",\n            \"image\": \"living-room.jpg\",\n            \"subServices\": [\n              { \"name\": \"Carpet Vacuuming\", \"image\": \"carpet.jpg\" },\n              { \"name\": \"Surface Wiping\", \"image\": \"surface.jpg\" }\n            ]\n          }\n        ]\n      },\n      {\n        \"name\": \"Bathroom Cleaning\",\n        \"image\": \"bathroom-cleaning.jpg\",\n        \"services\": [\n          {\n            \"name\": \"Toilet Cleaning\",\n            \"image\": \"toilet.jpg\",\n            \"subServices\": [\n              { \"name\": \"Hard Water Stain Removal\", \"image\": \"stain.jpg\" },\n              { \"name\": \"Disinfection\", \"image\": \"disinfect.jpg\" }\n            ]\n          }\n        ]\n      }\n    ]\n  },\n","expose":true,"level":"error","message":"Unexpected Error: Unexpected non-whitespace character after JSON at position 1234 (line 43 column 4)","stack":"SyntaxError: Unexpected non-whitespace character after JSON at position 1234 (line 43 column 4)\n    at JSON.parse (<anonymous>)\n    at parse (/Users/manojgokina/Documents/bookingapp_backend/node_modules/body-parser/lib/types/json.js:92:19)\n    at /Users/manojgokina/Documents/bookingapp_backend/node_modules/body-parser/lib/read.js:128:18\n    at AsyncResource.runInAsyncScope (node:async_hooks:214:14)\n    at invokeCallback (/Users/manojgokina/Documents/bookingapp_backend/node_modules/raw-body/index.js:238:16)\n    at done (/Users/manojgokina/Documents/bookingapp_backend/node_modules/raw-body/index.js:227:7)\n    at IncomingMessage.onEnd (/Users/manojgokina/Documents/bookingapp_backend/node_modules/raw-body/index.js:287:7)\n    at IncomingMessage.emit (node:events:507:28)\n    at endReadableNT (node:internal/streams/readable:1696:12)\n    at processTicksAndRejections (node:internal/process/task_queues:90:21)","status":400,"statusCode":400,"timestamp":"2025-04-15T17:10:59.365Z","type":"entity.parse.failed"}
{"body":"{\n    \"name\": \"Home Cleaning\",\n    \"image\": \"home-cleaning.jpg\",\n    \"banner\": \"home-cleaning-banner.jpg\",\n    \"subCategories\": [\n      {\n        \"name\": \"Room Cleaning\",\n        \"image\": \"room-cleaning.jpg\",\n        \"services\": [\n          {\n            \"name\": \"Bedroom Cleaning\",\n            \"image\": \"bedroom.jpg\",\n            \"subServices\": [\n              { \"name\": \"Deep Cleaning\", \"image\": \"deep.jpg\" },\n              { \"name\": \"Regular Cleaning\", \"image\": \"regular.jpg\" }\n            ]\n          },\n          {\n            \"name\": \"Living Room Cleaning\",\n            \"image\": \"living-room.jpg\",\n            \"subServices\": [\n              { \"name\": \"Carpet Vacuuming\", \"image\": \"carpet.jpg\" },\n              { \"name\": \"Surface Wiping\", \"image\": \"surface.jpg\" }\n            ]\n          }\n        ]\n      },\n      {\n        \"name\": \"Bathroom Cleaning\",\n        \"image\": \"bathroom-cleaning.jpg\",\n        \"services\": [\n          {\n            \"name\": \"Toilet Cleaning\",\n            \"image\": \"toilet.jpg\",\n            \"subServices\": [\n              { \"name\": \"Hard Water Stain Removal\", \"image\": \"stain.jpg\" },\n              { \"name\": \"Disinfection\", \"image\": \"disinfect.jpg\" }\n            ]\n          }\n        ]\n      }\n    ]\n  },\n","expose":true,"level":"error","message":"Unexpected Error: Unexpected non-whitespace character after JSON at position 1234 (line 43 column 4)","stack":"SyntaxError: Unexpected non-whitespace character after JSON at position 1234 (line 43 column 4)\n    at JSON.parse (<anonymous>)\n    at parse (/Users/manojgokina/Documents/bookingapp_backend/node_modules/body-parser/lib/types/json.js:92:19)\n    at /Users/manojgokina/Documents/bookingapp_backend/node_modules/body-parser/lib/read.js:128:18\n    at AsyncResource.runInAsyncScope (node:async_hooks:214:14)\n    at invokeCallback (/Users/manojgokina/Documents/bookingapp_backend/node_modules/raw-body/index.js:238:16)\n    at done (/Users/manojgokina/Documents/bookingapp_backend/node_modules/raw-body/index.js:227:7)\n    at IncomingMessage.onEnd (/Users/manojgokina/Documents/bookingapp_backend/node_modules/raw-body/index.js:287:7)\n    at IncomingMessage.emit (node:events:507:28)\n    at endReadableNT (node:internal/streams/readable:1696:12)\n    at processTicksAndRejections (node:internal/process/task_queues:90:21)","status":400,"statusCode":400,"timestamp":"2025-04-15T17:11:11.245Z","type":"entity.parse.failed"}
{"level":"info","message":"Connected to database successfully","timestamp":"2025-04-15T17:11:35.216Z"}
{"level":"info","message":"Connected to database: Booking","timestamp":"2025-04-15T17:11:35.217Z"}
{"level":"info","message":"Server running on port 3000","timestamp":"2025-04-15T17:11:35.218Z"}
{"body":"{\n    \"name\": \"Home Cleaning\",\n    \"image\": \"home-cleaning.jpg\",\n    \"banner\": \"home-cleaning-banner.jpg\",\n    \"subCategories\": [\n      {\n        \"name\": \"Room Cleaning\",\n        \"image\": \"room-cleaning.jpg\",\n        \"services\": [\n          {\n            \"name\": \"Bedroom Cleaning\",\n            \"image\": \"bedroom.jpg\",\n            \"subServices\": [\n              { \"name\": \"Deep Cleaning\", \"image\": \"deep.jpg\" },\n              { \"name\": \"Regular Cleaning\", \"image\": \"regular.jpg\" }\n            ]\n          },\n          {\n            \"name\": \"Living Room Cleaning\",\n            \"image\": \"living-room.jpg\",\n            \"subServices\": [\n              { \"name\": \"Carpet Vacuuming\", \"image\": \"carpet.jpg\" },\n              { \"name\": \"Surface Wiping\", \"image\": \"surface.jpg\" }\n            ]\n          }\n        ]\n      },\n      {\n        \"name\": \"Bathroom Cleaning\",\n        \"image\": \"bathroom-cleaning.jpg\",\n        \"services\": [\n          {\n            \"name\": \"Toilet Cleaning\",\n            \"image\": \"toilet.jpg\",\n            \"subServices\": [\n              { \"name\": \"Hard Water Stain Removal\", \"image\": \"stain.jpg\" },\n              { \"name\": \"Disinfection\", \"image\": \"disinfect.jpg\" }\n            ]\n          }\n        ]\n      }\n    ]\n  },\n","expose":true,"level":"error","message":"Unexpected Error: Unexpected non-whitespace character after JSON at position 1234 (line 43 column 4)","stack":"SyntaxError: Unexpected non-whitespace character after JSON at position 1234 (line 43 column 4)\n    at JSON.parse (<anonymous>)\n    at parse (/Users/manojgokina/Documents/bookingapp_backend/node_modules/body-parser/lib/types/json.js:92:19)\n    at /Users/manojgokina/Documents/bookingapp_backend/node_modules/body-parser/lib/read.js:128:18\n    at AsyncResource.runInAsyncScope (node:async_hooks:214:14)\n    at invokeCallback (/Users/manojgokina/Documents/bookingapp_backend/node_modules/raw-body/index.js:238:16)\n    at done (/Users/manojgokina/Documents/bookingapp_backend/node_modules/raw-body/index.js:227:7)\n    at IncomingMessage.onEnd (/Users/manojgokina/Documents/bookingapp_backend/node_modules/raw-body/index.js:287:7)\n    at IncomingMessage.emit (node:events:507:28)\n    at endReadableNT (node:internal/streams/readable:1696:12)\n    at processTicksAndRejections (node:internal/process/task_queues:90:21)","status":400,"statusCode":400,"timestamp":"2025-04-15T17:11:37.345Z","type":"entity.parse.failed"}
{"body":"{\n    \"name\": \"Home Cleaning\",\n    \"image\": \"home-cleaning.jpg\",\n    \"banner\": \"home-cleaning-banner.jpg\",\n    \"subCategories\": [\n      {\n        \"name\": \"Room Cleaning\",\n        \"image\": \"room-cleaning.jpg\",\n        \"services\": [\n          {\n            \"name\": \"Bedroom Cleaning\",\n            \"image\": \"bedroom.jpg\",\n            \"subServices\": [\n              { \"name\": \"Deep Cleaning\", \"image\": \"deep.jpg\" },\n              { \"name\": \"Regular Cleaning\", \"image\": \"regular.jpg\" }\n            ]\n          },\n          {\n            \"name\": \"Living Room Cleaning\",\n            \"image\": \"living-room.jpg\",\n            \"subServices\": [\n              { \"name\": \"Carpet Vacuuming\", \"image\": \"carpet.jpg\" },\n              { \"name\": \"Surface Wiping\", \"image\": \"surface.jpg\" }\n            ]\n          }\n        ]\n      },\n      {\n        \"name\": \"Bathroom Cleaning\",\n        \"image\": \"bathroom-cleaning.jpg\",\n        \"services\": [\n          {\n            \"name\": \"Toilet Cleaning\",\n            \"image\": \"toilet.jpg\",\n            \"subServices\": [\n              { \"name\": \"Hard Water Stain Removal\", \"image\": \"stain.jpg\" },\n              { \"name\": \"Disinfection\", \"image\": \"disinfect.jpg\" }\n            ]\n          }\n        ]\n      }\n    ]\n  },\n","expose":true,"level":"error","message":"Unexpected Error: Unexpected non-whitespace character after JSON at position 1234 (line 43 column 4)","stack":"SyntaxError: Unexpected non-whitespace character after JSON at position 1234 (line 43 column 4)\n    at JSON.parse (<anonymous>)\n    at parse (/Users/manojgokina/Documents/bookingapp_backend/node_modules/body-parser/lib/types/json.js:92:19)\n    at /Users/manojgokina/Documents/bookingapp_backend/node_modules/body-parser/lib/read.js:128:18\n    at AsyncResource.runInAsyncScope (node:async_hooks:214:14)\n    at invokeCallback (/Users/manojgokina/Documents/bookingapp_backend/node_modules/raw-body/index.js:238:16)\n    at done (/Users/manojgokina/Documents/bookingapp_backend/node_modules/raw-body/index.js:227:7)\n    at IncomingMessage.onEnd (/Users/manojgokina/Documents/bookingapp_backend/node_modules/raw-body/index.js:287:7)\n    at IncomingMessage.emit (node:events:507:28)\n    at endReadableNT (node:internal/streams/readable:1696:12)\n    at processTicksAndRejections (node:internal/process/task_queues:90:21)","status":400,"statusCode":400,"timestamp":"2025-04-15T17:11:38.751Z","type":"entity.parse.failed"}
{"body":"{\n    \"name\": \"Home Cleaning\",\n    \"image\": \"home-cleaning.jpg\",\n    \"banner\": \"home-cleaning-banner.jpg\",\n    \"subCategories\": [\n      {\n        \"name\": \"Room Cleaning\",\n        \"image\": \"room-cleaning.jpg\",\n        \"services\": [\n          {\n            \"name\": \"Bedroom Cleaning\",\n            \"image\": \"bedroom.jpg\",\n            \"subServices\": [\n              { \"name\": \"Deep Cleaning\", \"image\": \"deep.jpg\" },\n              { \"name\": \"Regular Cleaning\", \"image\": \"regular.jpg\" }\n            ]\n          },\n          {\n            \"name\": \"Living Room Cleaning\",\n            \"image\": \"living-room.jpg\",\n            \"subServices\": [\n              { \"name\": \"Carpet Vacuuming\", \"image\": \"carpet.jpg\" },\n              { \"name\": \"Surface Wiping\", \"image\": \"surface.jpg\" }\n            ]\n          }\n        ]\n      },\n      {\n        \"name\": \"Bathroom Cleaning\",\n        \"image\": \"bathroom-cleaning.jpg\",\n        \"services\": [\n          {\n            \"name\": \"Toilet Cleaning\",\n            \"image\": \"toilet.jpg\",\n            \"subServices\": [\n              { \"name\": \"Hard Water Stain Removal\", \"image\": \"stain.jpg\" },\n              { \"name\": \"Disinfection\", \"image\": \"disinfect.jpg\" }\n            ]\n          }\n        ]\n      }\n    ]\n  },\n","expose":true,"level":"error","message":"Unexpected Error: Unexpected non-whitespace character after JSON at position 1234 (line 43 column 4)","stack":"SyntaxError: Unexpected non-whitespace character after JSON at position 1234 (line 43 column 4)\n    at JSON.parse (<anonymous>)\n    at parse (/Users/manojgokina/Documents/bookingapp_backend/node_modules/body-parser/lib/types/json.js:92:19)\n    at /Users/manojgokina/Documents/bookingapp_backend/node_modules/body-parser/lib/read.js:128:18\n    at AsyncResource.runInAsyncScope (node:async_hooks:214:14)\n    at invokeCallback (/Users/manojgokina/Documents/bookingapp_backend/node_modules/raw-body/index.js:238:16)\n    at done (/Users/manojgokina/Documents/bookingapp_backend/node_modules/raw-body/index.js:227:7)\n    at IncomingMessage.onEnd (/Users/manojgokina/Documents/bookingapp_backend/node_modules/raw-body/index.js:287:7)\n    at IncomingMessage.emit (node:events:507:28)\n    at endReadableNT (node:internal/streams/readable:1696:12)\n    at processTicksAndRejections (node:internal/process/task_queues:90:21)","status":400,"statusCode":400,"timestamp":"2025-04-15T17:11:39.375Z","type":"entity.parse.failed"}
{"level":"info","message":"POST /api/services/service-categories","timestamp":"2025-04-15T17:12:03.042Z"}
{"level":"info","message":"POST /api/services/service-categories","timestamp":"2025-04-15T17:12:35.641Z"}
{"level":"info","message":"POST /api/services/service-categories","timestamp":"2025-04-15T17:13:10.104Z"}
{"level":"info","message":"POST /api/services/service-categories","timestamp":"2025-04-15T17:13:30.157Z"}
{"level":"info","message":"Connected to database successfully","timestamp":"2025-04-15T17:15:04.876Z"}
{"level":"info","message":"Connected to database: Booking","timestamp":"2025-04-15T17:15:04.878Z"}
{"level":"info","message":"Server running on port 3000","timestamp":"2025-04-15T17:15:04.879Z"}
{"level":"info","message":"GET /api/services/get-service-categories","timestamp":"2025-04-15T17:15:15.714Z"}
{"code":16883,"codeName":"Location16883","errorLabelSet":{},"errorResponse":{"code":16883,"codeName":"Location16883","errmsg":"PlanExecutor error during aggregation :: caused by :: input to $map must be an array not object","ok":0},"level":"error","message":"Unexpected Error: PlanExecutor error during aggregation :: caused by :: input to $map must be an array not object","ok":0,"stack":"MongoServerError: PlanExecutor error during aggregation :: caused by :: input to $map must be an array not object\n    at Connection.sendCommand (/Users/manojgokina/Documents/bookingapp_backend/node_modules/mongodb/src/cmap/connection.ts:550:17)\n    at processTicksAndRejections (node:internal/process/task_queues:105:5)\n    at Connection.command (/Users/manojgokina/Documents/bookingapp_backend/node_modules/mongodb/src/cmap/connection.ts:624:22)\n    at Server.command (/Users/manojgokina/Documents/bookingapp_backend/node_modules/mongodb/src/sdam/server.ts:338:21)\n    at AggregateOperation.executeCommand (/Users/manojgokina/Documents/bookingapp_backend/node_modules/mongodb/src/operations/command.ts:179:12)\n    at AggregateOperation.execute (/Users/manojgokina/Documents/bookingapp_backend/node_modules/mongodb/src/operations/aggregate.ts:156:12)\n    at tryOperation (/Users/manojgokina/Documents/bookingapp_backend/node_modules/mongodb/src/operations/execute_operation.ts:283:14)\n    at executeOperation (/Users/manojgokina/Documents/bookingapp_backend/node_modules/mongodb/src/operations/execute_operation.ts:115:12)\n    at AggregationCursor._initialize (/Users/manojgokina/Documents/bookingapp_backend/node_modules/mongodb/src/cursor/aggregation_cursor.ts:92:22)\n    at AggregationCursor.cursorInit (/Users/manojgokina/Documents/bookingapp_backend/node_modules/mongodb/src/cursor/abstract_cursor.ts:944:21)","timestamp":"2025-04-15T17:15:15.747Z"}
{"level":"info","message":"GET /api/services/get-service-categories","timestamp":"2025-04-15T17:15:17.392Z"}
{"code":16883,"codeName":"Location16883","errorLabelSet":{},"errorResponse":{"code":16883,"codeName":"Location16883","errmsg":"PlanExecutor error during aggregation :: caused by :: input to $map must be an array not object","ok":0},"level":"error","message":"Unexpected Error: PlanExecutor error during aggregation :: caused by :: input to $map must be an array not object","ok":0,"stack":"MongoServerError: PlanExecutor error during aggregation :: caused by :: input to $map must be an array not object\n    at Connection.sendCommand (/Users/manojgokina/Documents/bookingapp_backend/node_modules/mongodb/src/cmap/connection.ts:550:17)\n    at processTicksAndRejections (node:internal/process/task_queues:105:5)\n    at Connection.command (/Users/manojgokina/Documents/bookingapp_backend/node_modules/mongodb/src/cmap/connection.ts:624:22)\n    at Server.command (/Users/manojgokina/Documents/bookingapp_backend/node_modules/mongodb/src/sdam/server.ts:338:21)\n    at AggregateOperation.executeCommand (/Users/manojgokina/Documents/bookingapp_backend/node_modules/mongodb/src/operations/command.ts:179:12)\n    at AggregateOperation.execute (/Users/manojgokina/Documents/bookingapp_backend/node_modules/mongodb/src/operations/aggregate.ts:156:12)\n    at tryOperation (/Users/manojgokina/Documents/bookingapp_backend/node_modules/mongodb/src/operations/execute_operation.ts:283:14)\n    at executeOperation (/Users/manojgokina/Documents/bookingapp_backend/node_modules/mongodb/src/operations/execute_operation.ts:115:12)\n    at AggregationCursor._initialize (/Users/manojgokina/Documents/bookingapp_backend/node_modules/mongodb/src/cursor/aggregation_cursor.ts:92:22)\n    at AggregationCursor.cursorInit (/Users/manojgokina/Documents/bookingapp_backend/node_modules/mongodb/src/cursor/abstract_cursor.ts:944:21)","timestamp":"2025-04-15T17:15:17.400Z"}
{"level":"info","message":"GET /api/services/get-service-categories","timestamp":"2025-04-15T17:15:18.267Z"}
{"code":16883,"codeName":"Location16883","errorLabelSet":{},"errorResponse":{"code":16883,"codeName":"Location16883","errmsg":"PlanExecutor error during aggregation :: caused by :: input to $map must be an array not object","ok":0},"level":"error","message":"Unexpected Error: PlanExecutor error during aggregation :: caused by :: input to $map must be an array not object","ok":0,"stack":"MongoServerError: PlanExecutor error during aggregation :: caused by :: input to $map must be an array not object\n    at Connection.sendCommand (/Users/manojgokina/Documents/bookingapp_backend/node_modules/mongodb/src/cmap/connection.ts:550:17)\n    at processTicksAndRejections (node:internal/process/task_queues:105:5)\n    at Connection.command (/Users/manojgokina/Documents/bookingapp_backend/node_modules/mongodb/src/cmap/connection.ts:624:22)\n    at Server.command (/Users/manojgokina/Documents/bookingapp_backend/node_modules/mongodb/src/sdam/server.ts:338:21)\n    at AggregateOperation.executeCommand (/Users/manojgokina/Documents/bookingapp_backend/node_modules/mongodb/src/operations/command.ts:179:12)\n    at AggregateOperation.execute (/Users/manojgokina/Documents/bookingapp_backend/node_modules/mongodb/src/operations/aggregate.ts:156:12)\n    at tryOperation (/Users/manojgokina/Documents/bookingapp_backend/node_modules/mongodb/src/operations/execute_operation.ts:283:14)\n    at executeOperation (/Users/manojgokina/Documents/bookingapp_backend/node_modules/mongodb/src/operations/execute_operation.ts:115:12)\n    at AggregationCursor._initialize (/Users/manojgokina/Documents/bookingapp_backend/node_modules/mongodb/src/cursor/aggregation_cursor.ts:92:22)\n    at AggregationCursor.cursorInit (/Users/manojgokina/Documents/bookingapp_backend/node_modules/mongodb/src/cursor/abstract_cursor.ts:944:21)","timestamp":"2025-04-15T17:15:18.276Z"}
{"level":"info","message":"Connected to database successfully","timestamp":"2025-04-15T17:15:41.601Z"}
{"level":"info","message":"Connected to database: Booking","timestamp":"2025-04-15T17:15:41.602Z"}
{"level":"info","message":"Server running on port 3000","timestamp":"2025-04-15T17:15:41.603Z"}
{"level":"info","message":"GET /api/services/get-service-categories","timestamp":"2025-04-15T17:15:45.182Z"}
{"code":16883,"codeName":"Location16883","errorLabelSet":{},"errorResponse":{"code":16883,"codeName":"Location16883","errmsg":"PlanExecutor error during aggregation :: caused by :: input to $map must be an array not object","ok":0},"level":"error","message":"Unexpected Error: PlanExecutor error during aggregation :: caused by :: input to $map must be an array not object","ok":0,"stack":"MongoServerError: PlanExecutor error during aggregation :: caused by :: input to $map must be an array not object\n    at Connection.sendCommand (/Users/manojgokina/Documents/bookingapp_backend/node_modules/mongodb/src/cmap/connection.ts:550:17)\n    at processTicksAndRejections (node:internal/process/task_queues:105:5)\n    at Connection.command (/Users/manojgokina/Documents/bookingapp_backend/node_modules/mongodb/src/cmap/connection.ts:624:22)\n    at Server.command (/Users/manojgokina/Documents/bookingapp_backend/node_modules/mongodb/src/sdam/server.ts:338:21)\n    at AggregateOperation.executeCommand (/Users/manojgokina/Documents/bookingapp_backend/node_modules/mongodb/src/operations/command.ts:179:12)\n    at AggregateOperation.execute (/Users/manojgokina/Documents/bookingapp_backend/node_modules/mongodb/src/operations/aggregate.ts:156:12)\n    at tryOperation (/Users/manojgokina/Documents/bookingapp_backend/node_modules/mongodb/src/operations/execute_operation.ts:283:14)\n    at executeOperation (/Users/manojgokina/Documents/bookingapp_backend/node_modules/mongodb/src/operations/execute_operation.ts:115:12)\n    at AggregationCursor._initialize (/Users/manojgokina/Documents/bookingapp_backend/node_modules/mongodb/src/cursor/aggregation_cursor.ts:92:22)\n    at AggregationCursor.cursorInit (/Users/manojgokina/Documents/bookingapp_backend/node_modules/mongodb/src/cursor/abstract_cursor.ts:944:21)","timestamp":"2025-04-15T17:15:45.212Z"}
{"level":"info","message":"Connected to database successfully","timestamp":"2025-04-15T17:16:40.866Z"}
{"level":"info","message":"Connected to database: Booking","timestamp":"2025-04-15T17:16:40.867Z"}
{"level":"info","message":"Server running on port 3000","timestamp":"2025-04-15T17:16:40.868Z"}
{"level":"info","message":"GET /api/services/get-service-categories","timestamp":"2025-04-15T17:16:42.992Z"}
